This file contains any messages produced by compilers while
running configure, to aid debugging if configure makes a mistake.

It was created by evalresp configure 4.0.6, which was
generated by GNU Autoconf 2.63.  Invocation command line was

  $ ./configure --enable-unsafe

## --------- ##
## Platform. ##
## --------- ##

hostname = ist-156-12
uname -m = x86_64
uname -r = 5.0.5-200.fc29.x86_64
uname -s = Linux
uname -v = #1 SMP Wed Mar 27 20:58:04 UTC 2019

/usr/bin/uname -p = x86_64
/bin/uname -X     = unknown

/bin/arch              = x86_64
/usr/bin/arch -k       = unknown
/usr/convex/getsysinfo = unknown
/usr/bin/hostinfo      = unknown
/bin/machine           = unknown
/usr/bin/oslevel       = unknown
/bin/universe          = unknown

PATH: /usr/libexec/python3-sphinx
PATH: /usr/share/Modules/bin
PATH: /usr/local/bin
PATH: /usr/local/sbin
PATH: /usr/bin
PATH: /usr/sbin
PATH: /home/rima/.local/bin
PATH: /home/rima/bin


## ----------- ##
## Core tests. ##
## ----------- ##

configure:2100: checking for a BSD-compatible install
configure:2168: result: /usr/bin/install -c
configure:2179: checking whether build environment is sane
configure:2239: result: yes
configure:2380: checking for a thread-safe mkdir -p
configure:2419: result: /usr/bin/mkdir -p
configure:2432: checking for gawk
configure:2448: found /usr/bin/gawk
configure:2459: result: gawk
configure:2470: checking whether make sets $(MAKE)
configure:2492: result: yes
configure:2623: checking for gcc
configure:2639: found /usr/bin/gcc
configure:2650: result: gcc
configure:2882: checking for C compiler version
configure:2890: gcc --version >&5
gcc (GCC) 8.3.1 20190223 (Red Hat 8.3.1-2)
Copyright (C) 2018 Free Software Foundation, Inc.
This is free software; see the source for copying conditions.  There is NO
warranty; not even for MERCHANTABILITY or FITNESS FOR A PARTICULAR PURPOSE.

configure:2894: $? = 0
configure:2901: gcc -v >&5
Using built-in specs.
COLLECT_GCC=gcc
COLLECT_LTO_WRAPPER=/usr/libexec/gcc/x86_64-redhat-linux/8/lto-wrapper
OFFLOAD_TARGET_NAMES=nvptx-none
OFFLOAD_TARGET_DEFAULT=1
Target: x86_64-redhat-linux
Configured with: ../configure --enable-bootstrap --enable-languages=c,c++,fortran,objc,obj-c++,ada,go,lto --prefix=/usr --mandir=/usr/share/man --infodir=/usr/share/info --with-bugurl=http://bugzilla.redhat.com/bugzilla --enable-shared --enable-threads=posix --enable-checking=release --enable-multilib --with-system-zlib --enable-__cxa_atexit --disable-libunwind-exceptions --enable-gnu-unique-object --enable-linker-build-id --with-gcc-major-version-only --with-linker-hash-style=gnu --enable-plugin --enable-initfini-array --with-isl --enable-libmpx --enable-offload-targets=nvptx-none --without-cuda-driver --enable-gnu-indirect-function --enable-cet --with-tune=generic --with-arch_32=i686 --build=x86_64-redhat-linux
Thread model: posix
gcc version 8.3.1 20190223 (Red Hat 8.3.1-2) (GCC) 
configure:2905: $? = 0
configure:2912: gcc -V >&5
gcc: error: unrecognized command line option '-V'
gcc: fatal error: no input files
compilation terminated.
configure:2916: $? = 1
configure:2939: checking for C compiler default output file name
configure:2961: gcc    conftest.c  >&5
configure:2965: $? = 0
configure:3003: result: a.out
configure:3022: checking whether the C compiler works
configure:3032: ./a.out
configure:3036: $? = 0
configure:3055: result: yes
configure:3062: checking whether we are cross compiling
configure:3064: result: no
configure:3067: checking for suffix of executables
configure:3074: gcc -o conftest    conftest.c  >&5
configure:3078: $? = 0
configure:3104: result: 
configure:3110: checking for suffix of object files
configure:3136: gcc -c   conftest.c >&5
configure:3140: $? = 0
configure:3165: result: o
configure:3169: checking whether we are using the GNU C compiler
configure:3198: gcc -c   conftest.c >&5
configure:3205: $? = 0
configure:3222: result: yes
configure:3231: checking whether gcc accepts -g
configure:3261: gcc -c -g  conftest.c >&5
configure:3268: $? = 0
configure:3369: result: yes
configure:3386: checking for gcc option to accept ISO C89
configure:3460: gcc  -c -g -O2  conftest.c >&5
configure:3467: $? = 0
configure:3490: result: none needed
configure:3519: checking for style of include used by make
configure:3547: result: GNU
configure:3572: checking dependency style of gcc
configure:3682: result: gcc3
configure:3728: checking build system type
configure:3746: result: x86_64-unknown-linux-gnu
configure:3768: checking host system type
configure:3783: result: x86_64-unknown-linux-gnu
configure:3805: checking for a sed that does not truncate output
configure:3871: result: /usr/bin/sed
configure:3889: checking for grep that handles long lines and -e
configure:3949: result: /usr/bin/grep
configure:3954: checking for egrep
configure:4018: result: /usr/bin/grep -E
configure:4023: checking for fgrep
configure:4087: result: /usr/bin/grep -F
configure:4122: checking for ld used by gcc
configure:4189: result: /usr/bin/ld
configure:4198: checking if the linker (/usr/bin/ld) is GNU ld
configure:4213: result: yes
configure:4225: checking for BSD- or MS-compatible name lister (nm)
configure:4274: result: /usr/bin/nm -B
configure:4392: checking the name lister (/usr/bin/nm -B) interface
configure:4399: gcc -c -g -O2  conftest.c >&5
configure:4402: /usr/bin/nm -B "conftest.o"
configure:4405: output
0000000000000000 B some_variable
configure:4412: result: BSD nm
configure:4415: checking whether ln -s works
configure:4419: result: yes
configure:4427: checking the maximum length of command line arguments
configure:4547: result: 1572864
configure:4564: checking whether the shell understands some XSI constructs
configure:4574: result: yes
configure:4578: checking whether the shell understands "+="
configure:4584: result: yes
configure:4619: checking for /usr/bin/ld option to reload object files
configure:4626: result: -r
configure:4695: checking for objdump
configure:4711: found /usr/bin/objdump
configure:4722: result: objdump
configure:4754: checking how to recognize dependent libraries
configure:4950: result: pass_all
configure:5010: checking for ar
configure:5026: found /usr/bin/ar
configure:5037: result: ar
configure:5115: checking for strip
configure:5131: found /usr/bin/strip
configure:5142: result: strip
configure:5214: checking for ranlib
configure:5230: found /usr/bin/ranlib
configure:5241: result: ranlib
configure:5331: checking command to parse /usr/bin/nm -B output from gcc object
configure:5449: gcc -c -g -O2  conftest.c >&5
configure:5452: $? = 0
configure:5456: /usr/bin/nm -B conftest.o \| sed -n -e 's/^.*[	 ]\([ABCDGIRSTW][ABCDGIRSTW]*\)[	 ][	 ]*\([_A-Za-z][_A-Za-z0-9]*\)$/\1 \2 \2/p' \> conftest.nm
configure:5459: $? = 0
configure:5513: gcc -o conftest -g -O2   conftest.c conftstm.o >&5
configure:5516: $? = 0
configure:5554: result: ok
configure:5650: gcc -c -g -O2  conftest.c >&5
configure:5653: $? = 0
configure:6421: checking how to run the C preprocessor
configure:6461: gcc -E  conftest.c
configure:6468: $? = 0
configure:6499: gcc -E  conftest.c
conftest.c:10:10: fatal error: ac_nonexistent.h: No such file or directory
 #include <ac_nonexistent.h>
          ^~~~~~~~~~~~~~~~~~
compilation terminated.
configure:6506: $? = 1
configure: failed program was:
| /* confdefs.h.  */
| #define PACKAGE_NAME "evalresp"
| #define PACKAGE_TARNAME "evalresp"
| #define PACKAGE_VERSION "4.0.6"
| #define PACKAGE_STRING "evalresp 4.0.6"
| #define PACKAGE_BUGREPORT "andrewcooke@isti.com"
| #define PACKAGE "evalresp"
| #define VERSION "4.0.6"
| /* end confdefs.h.  */
| #include <ac_nonexistent.h>
configure:6539: result: gcc -E
configure:6568: gcc -E  conftest.c
configure:6575: $? = 0
configure:6606: gcc -E  conftest.c
conftest.c:10:10: fatal error: ac_nonexistent.h: No such file or directory
 #include <ac_nonexistent.h>
          ^~~~~~~~~~~~~~~~~~
compilation terminated.
configure:6613: $? = 1
configure: failed program was:
| /* confdefs.h.  */
| #define PACKAGE_NAME "evalresp"
| #define PACKAGE_TARNAME "evalresp"
| #define PACKAGE_VERSION "4.0.6"
| #define PACKAGE_STRING "evalresp 4.0.6"
| #define PACKAGE_BUGREPORT "andrewcooke@isti.com"
| #define PACKAGE "evalresp"
| #define VERSION "4.0.6"
| /* end confdefs.h.  */
| #include <ac_nonexistent.h>
configure:6653: checking for ANSI C header files
configure:6683: gcc -c -g -O2  conftest.c >&5
configure:6690: $? = 0
configure:6789: gcc -o conftest -g -O2   conftest.c  >&5
configure:6793: $? = 0
configure:6799: ./conftest
configure:6803: $? = 0
configure:6821: result: yes
configure:6845: checking for sys/types.h
configure:6866: gcc -c -g -O2  conftest.c >&5
configure:6873: $? = 0
configure:6890: result: yes
configure:6845: checking for sys/stat.h
configure:6866: gcc -c -g -O2  conftest.c >&5
configure:6873: $? = 0
configure:6890: result: yes
configure:6845: checking for stdlib.h
configure:6866: gcc -c -g -O2  conftest.c >&5
configure:6873: $? = 0
configure:6890: result: yes
configure:6845: checking for string.h
configure:6866: gcc -c -g -O2  conftest.c >&5
configure:6873: $? = 0
configure:6890: result: yes
configure:6845: checking for memory.h
configure:6866: gcc -c -g -O2  conftest.c >&5
configure:6873: $? = 0
configure:6890: result: yes
configure:6845: checking for strings.h
configure:6866: gcc -c -g -O2  conftest.c >&5
configure:6873: $? = 0
configure:6890: result: yes
configure:6845: checking for inttypes.h
configure:6866: gcc -c -g -O2  conftest.c >&5
configure:6873: $? = 0
configure:6890: result: yes
configure:6845: checking for stdint.h
configure:6866: gcc -c -g -O2  conftest.c >&5
configure:6873: $? = 0
configure:6890: result: yes
configure:6845: checking for unistd.h
configure:6866: gcc -c -g -O2  conftest.c >&5
configure:6873: $? = 0
configure:6890: result: yes
configure:6908: checking for dlfcn.h
configure:6929: gcc -c -g -O2  conftest.c >&5
configure:6936: $? = 0
configure:6953: result: yes
configure:7139: checking for objdir
configure:7154: result: .libs
configure:7450: checking if gcc supports -fno-rtti -fno-exceptions
configure:7468: gcc -c -g -O2  -fno-rtti -fno-exceptions conftest.c >&5
cc1: warning: command line option '-fno-rtti' is valid for C++/ObjC++ but not for C
configure:7472: $? = 0
configure:7485: result: no
configure:7505: checking for gcc option to produce PIC
configure:7777: result: -fPIC -DPIC
configure:7789: checking if gcc PIC flag -fPIC -DPIC works
configure:7807: gcc -c -g -O2  -fPIC -DPIC -DPIC conftest.c >&5
configure:7811: $? = 0
configure:7824: result: yes
configure:7848: checking if gcc static flag -static works
configure:7876: result: no
configure:7891: checking if gcc supports -c -o file.o
configure:7912: gcc -c -g -O2  -o out/conftest2.o conftest.c >&5
configure:7916: $? = 0
configure:7938: result: yes
configure:7946: checking if gcc supports -c -o file.o
configure:7993: result: yes
configure:8026: checking whether the gcc linker (/usr/bin/ld -m elf_x86_64) supports shared libraries
configure:9100: result: yes
configure:9137: checking whether -lc should be explicitly linked in
configure:9142: gcc -c -g -O2  conftest.c >&5
configure:9145: $? = 0
configure:9160: gcc -shared conftest.o  -v -Wl,-soname -Wl,conftest -o conftest 2\>\&1 \| /usr/bin/grep  -lc  \>/dev/null 2\>\&1
configure:9163: $? = 0
configure:9175: result: no
configure:9339: checking dynamic linker characteristics
configure:9782: gcc -o conftest -g -O2   -Wl,-rpath -Wl,/foo conftest.c  >&5
configure:9789: $? = 0
configure:10025: result: GNU/Linux ld.so
configure:10127: checking how to hardcode library paths into programs
configure:10152: result: immediate
configure:10985: checking whether stripping libraries is possible
configure:10990: result: yes
configure:11025: checking if libtool supports shared libraries
configure:11027: result: yes
configure:11030: checking whether to build shared libraries
configure:11051: result: yes
configure:11054: checking whether to build static libraries
configure:11058: result: yes
configure:11107: checking for a BSD-compatible install
configure:11175: result: /usr/bin/install -c
configure:11189: checking for fabs in -lm
configure:11224: gcc -o conftest -g -O2   conftest.c -lm   >&5
conftest.c:29:6: warning: conflicting types for built-in function 'fabs' [-Wbuiltin-declaration-mismatch]
 char fabs ();
      ^~~~
configure:11231: $? = 0
configure:11252: result: yes
configure:11264: checking for ANSI C header files
configure:11432: result: yes
configure:11461: checking sys/time.h usability
configure:11478: gcc -c -g -O2  conftest.c >&5
configure:11485: $? = 0
configure:11499: result: yes
configure:11503: checking sys/time.h presence
configure:11518: gcc -E  conftest.c
configure:11525: $? = 0
configure:11539: result: yes
configure:11572: checking for sys/time.h
configure:11581: result: yes
configure:11450: checking for unistd.h
configure:11457: result: yes
configure:11461: checking malloc.h usability
configure:11478: gcc -c -g -O2  conftest.c >&5
configure:11485: $? = 0
configure:11499: result: yes
configure:11503: checking malloc.h presence
configure:11518: gcc -E  conftest.c
configure:11525: $? = 0
configure:11539: result: yes
configure:11572: checking for malloc.h
configure:11581: result: yes
configure:11450: checking for stdlib.h
configure:11457: result: yes
configure:11597: checking for pid_t
configure:11625: gcc -c -g -O2  conftest.c >&5
configure:11632: $? = 0
configure:11659: gcc -c -g -O2  conftest.c >&5
conftest.c: In function 'main':
conftest.c:64:20: error: expected expression before ')' token
 if (sizeof ((pid_t)))
                    ^
configure:11666: $? = 1
configure: failed program was:
| /* confdefs.h.  */
| #define PACKAGE_NAME "evalresp"
| #define PACKAGE_TARNAME "evalresp"
| #define PACKAGE_VERSION "4.0.6"
| #define PACKAGE_STRING "evalresp 4.0.6"
| #define PACKAGE_BUGREPORT "andrewcooke@isti.com"
| #define PACKAGE "evalresp"
| #define VERSION "4.0.6"
| #define STDC_HEADERS 1
| #define HAVE_SYS_TYPES_H 1
| #define HAVE_SYS_STAT_H 1
| #define HAVE_STDLIB_H 1
| #define HAVE_STRING_H 1
| #define HAVE_MEMORY_H 1
| #define HAVE_STRINGS_H 1
| #define HAVE_INTTYPES_H 1
| #define HAVE_STDINT_H 1
| #define HAVE_UNISTD_H 1
| #define HAVE_DLFCN_H 1
| #define LT_OBJDIR ".libs/"
| #define HAVE_LIBM 1
| #define STDC_HEADERS 1
| #define HAVE_SYS_TIME_H 1
| #define HAVE_UNISTD_H 1
| #define HAVE_MALLOC_H 1
| #define HAVE_STDLIB_H 1
| /* end confdefs.h.  */
| #include <stdio.h>
| #ifdef HAVE_SYS_TYPES_H
| # include <sys/types.h>
| #endif
| #ifdef HAVE_SYS_STAT_H
| # include <sys/stat.h>
| #endif
| #ifdef STDC_HEADERS
| # include <stdlib.h>
| # include <stddef.h>
| #else
| # ifdef HAVE_STDLIB_H
| #  include <stdlib.h>
| # endif
| #endif
| #ifdef HAVE_STRING_H
| # if !defined STDC_HEADERS && defined HAVE_MEMORY_H
| #  include <memory.h>
| # endif
| # include <string.h>
| #endif
| #ifdef HAVE_STRINGS_H
| # include <strings.h>
| #endif
| #ifdef HAVE_INTTYPES_H
| # include <inttypes.h>
| #endif
| #ifdef HAVE_STDINT_H
| # include <stdint.h>
| #endif
| #ifdef HAVE_UNISTD_H
| # include <unistd.h>
| #endif
| int
| main ()
| {
| if (sizeof ((pid_t)))
| 	  return 0;
|   ;
|   return 0;
| }
configure:11689: result: yes
configure:11717: checking vfork.h usability
configure:11734: gcc -c -g -O2  conftest.c >&5
conftest.c:61:10: fatal error: vfork.h: No such file or directory
 #include <vfork.h>
          ^~~~~~~~~
compilation terminated.
configure:11741: $? = 1
configure: failed program was:
| /* confdefs.h.  */
| #define PACKAGE_NAME "evalresp"
| #define PACKAGE_TARNAME "evalresp"
| #define PACKAGE_VERSION "4.0.6"
| #define PACKAGE_STRING "evalresp 4.0.6"
| #define PACKAGE_BUGREPORT "andrewcooke@isti.com"
| #define PACKAGE "evalresp"
| #define VERSION "4.0.6"
| #define STDC_HEADERS 1
| #define HAVE_SYS_TYPES_H 1
| #define HAVE_SYS_STAT_H 1
| #define HAVE_STDLIB_H 1
| #define HAVE_STRING_H 1
| #define HAVE_MEMORY_H 1
| #define HAVE_STRINGS_H 1
| #define HAVE_INTTYPES_H 1
| #define HAVE_STDINT_H 1
| #define HAVE_UNISTD_H 1
| #define HAVE_DLFCN_H 1
| #define LT_OBJDIR ".libs/"
| #define HAVE_LIBM 1
| #define STDC_HEADERS 1
| #define HAVE_SYS_TIME_H 1
| #define HAVE_UNISTD_H 1
| #define HAVE_MALLOC_H 1
| #define HAVE_STDLIB_H 1
| /* end confdefs.h.  */
| #include <stdio.h>
| #ifdef HAVE_SYS_TYPES_H
| # include <sys/types.h>
| #endif
| #ifdef HAVE_SYS_STAT_H
| # include <sys/stat.h>
| #endif
| #ifdef STDC_HEADERS
| # include <stdlib.h>
| # include <stddef.h>
| #else
| # ifdef HAVE_STDLIB_H
| #  include <stdlib.h>
| # endif
| #endif
| #ifdef HAVE_STRING_H
| # if !defined STDC_HEADERS && defined HAVE_MEMORY_H
| #  include <memory.h>
| # endif
| # include <string.h>
| #endif
| #ifdef HAVE_STRINGS_H
| # include <strings.h>
| #endif
| #ifdef HAVE_INTTYPES_H
| # include <inttypes.h>
| #endif
| #ifdef HAVE_STDINT_H
| # include <stdint.h>
| #endif
| #ifdef HAVE_UNISTD_H
| # include <unistd.h>
| #endif
| #include <vfork.h>
configure:11755: result: no
configure:11759: checking vfork.h presence
configure:11774: gcc -E  conftest.c
conftest.c:28:10: fatal error: vfork.h: No such file or directory
 #include <vfork.h>
          ^~~~~~~~~
compilation terminated.
configure:11781: $? = 1
configure: failed program was:
| /* confdefs.h.  */
| #define PACKAGE_NAME "evalresp"
| #define PACKAGE_TARNAME "evalresp"
| #define PACKAGE_VERSION "4.0.6"
| #define PACKAGE_STRING "evalresp 4.0.6"
| #define PACKAGE_BUGREPORT "andrewcooke@isti.com"
| #define PACKAGE "evalresp"
| #define VERSION "4.0.6"
| #define STDC_HEADERS 1
| #define HAVE_SYS_TYPES_H 1
| #define HAVE_SYS_STAT_H 1
| #define HAVE_STDLIB_H 1
| #define HAVE_STRING_H 1
| #define HAVE_MEMORY_H 1
| #define HAVE_STRINGS_H 1
| #define HAVE_INTTYPES_H 1
| #define HAVE_STDINT_H 1
| #define HAVE_UNISTD_H 1
| #define HAVE_DLFCN_H 1
| #define LT_OBJDIR ".libs/"
| #define HAVE_LIBM 1
| #define STDC_HEADERS 1
| #define HAVE_SYS_TIME_H 1
| #define HAVE_UNISTD_H 1
| #define HAVE_MALLOC_H 1
| #define HAVE_STDLIB_H 1
| /* end confdefs.h.  */
| #include <vfork.h>
configure:11795: result: no
configure:11828: checking for vfork.h
configure:11837: result: no
configure:11857: checking for fork
configure:11913: gcc -o conftest -g -O2   conftest.c -lm  >&5
conftest.c:51:6: warning: conflicting types for built-in function 'fork' [-Wbuiltin-declaration-mismatch]
 char fork ();
      ^~~~
configure:11920: $? = 0
configure:11942: result: yes
configure:11857: checking for vfork
configure:11913: gcc -o conftest -g -O2   conftest.c -lm  >&5
configure:11920: $? = 0
configure:11942: result: yes
configure:11955: checking for working fork
configure:11987: gcc -o conftest -g -O2   conftest.c -lm  >&5
configure:11991: $? = 0
configure:11997: ./conftest
configure:12001: $? = 0
configure:12018: result: yes
configure:12039: checking for working vfork
configure:12180: result: yes
configure:12218: checking for getcwd
configure:12274: gcc -o conftest -g -O2   conftest.c -lm  >&5
configure:12281: $? = 0
configure:12303: result: yes
configure:12218: checking for regcomp
configure:12274: gcc -o conftest -g -O2   conftest.c -lm  >&5
configure:12281: $? = 0
configure:12303: result: yes
configure:12218: checking for strcspn
configure:12274: gcc -o conftest -g -O2   conftest.c -lm  >&5
conftest.c:57:6: warning: conflicting types for built-in function 'strcspn' [-Wbuiltin-declaration-mismatch]
 char strcspn ();
      ^~~~~~~
configure:12281: $? = 0
configure:12303: result: yes
configure:12218: checking for strstr
configure:12274: gcc -o conftest -g -O2   conftest.c -lm  >&5
conftest.c:58:6: warning: conflicting types for built-in function 'strstr' [-Wbuiltin-declaration-mismatch]
 char strstr ();
      ^~~~~~
configure:12281: $? = 0
configure:12303: result: yes
configure:12618: checking /usr/include/libxml2/libxml/xmlexports.h usability
configure:12635: gcc -c  -O0  conftest.c >&5
configure:12642: $? = 0
configure:12656: result: yes
configure:12660: checking /usr/include/libxml2/libxml/xmlexports.h presence
configure:12675: gcc -E  conftest.c
configure:12682: $? = 0
configure:12696: result: yes
configure:12729: checking for /usr/include/libxml2/libxml/xmlexports.h
configure:12738: result: yes
configure:12894: creating ./config.status

## ---------------------- ##
## Running config.status. ##
## ---------------------- ##

This file was extended by evalresp config.status 4.0.6, which was
generated by GNU Autoconf 2.63.  Invocation command line was

  CONFIG_FILES    = 
  CONFIG_HEADERS  = 
  CONFIG_LINKS    = 
  CONFIG_COMMANDS = 
  $ ./config.status 

on ist-156-12

config.status:1007: creating Makefile
config.status:1007: creating src/Makefile
config.status:1007: creating tests/Makefile
config.status:1007: creating tests/java/Makefile
config.status:1007: creating tests/fortran/Makefile
config.status:1007: creating doc/Makefile
config.status:1007: creating config.h
config.status:1229: config.h is unchanged
config.status:1281: executing depfiles commands
config.status:1281: executing libtool commands

## ---------------- ##
## Cache variables. ##
## ---------------- ##

ac_cv_build=x86_64-unknown-linux-gnu
ac_cv_c_compiler_gnu=yes
ac_cv_env_CC_set=
ac_cv_env_CC_value=
ac_cv_env_CFLAGS_set=
ac_cv_env_CFLAGS_value=
ac_cv_env_CHECK_CFLAGS_set=
ac_cv_env_CHECK_CFLAGS_value=
ac_cv_env_CHECK_LIBS_set=
ac_cv_env_CHECK_LIBS_value=
ac_cv_env_CPPFLAGS_set=
ac_cv_env_CPPFLAGS_value=
ac_cv_env_CPP_set=
ac_cv_env_CPP_value=
ac_cv_env_LDFLAGS_set=
ac_cv_env_LDFLAGS_value=
ac_cv_env_LIBS_set=
ac_cv_env_LIBS_value=
ac_cv_env_PKG_CONFIG_set=
ac_cv_env_PKG_CONFIG_value=
ac_cv_env_build_alias_set=
ac_cv_env_build_alias_value=
ac_cv_env_host_alias_set=
ac_cv_env_host_alias_value=
ac_cv_env_target_alias_set=
ac_cv_env_target_alias_value=
ac_cv_func_fork=yes
ac_cv_func_fork_works=yes
ac_cv_func_getcwd=yes
ac_cv_func_regcomp=yes
ac_cv_func_strcspn=yes
ac_cv_func_strstr=yes
ac_cv_func_vfork=yes
ac_cv_func_vfork_works=yes
ac_cv_header__usr_include_libxml2_libxml_xmlexports_h=yes
ac_cv_header_dlfcn_h=yes
ac_cv_header_inttypes_h=yes
ac_cv_header_malloc_h=yes
ac_cv_header_memory_h=yes
ac_cv_header_stdc=yes
ac_cv_header_stdint_h=yes
ac_cv_header_stdlib_h=yes
ac_cv_header_string_h=yes
ac_cv_header_strings_h=yes
ac_cv_header_sys_stat_h=yes
ac_cv_header_sys_time_h=yes
ac_cv_header_sys_types_h=yes
ac_cv_header_unistd_h=yes
ac_cv_header_vfork_h=no
ac_cv_host=x86_64-unknown-linux-gnu
ac_cv_lib_m_fabs=yes
ac_cv_objext=o
ac_cv_path_EGREP='/usr/bin/grep -E'
ac_cv_path_FGREP='/usr/bin/grep -F'
ac_cv_path_GREP=/usr/bin/grep
ac_cv_path_SED=/usr/bin/sed
ac_cv_path_install='/usr/bin/install -c'
ac_cv_path_mkdir=/usr/bin/mkdir
ac_cv_prog_AWK=gawk
ac_cv_prog_CPP='gcc -E'
ac_cv_prog_ac_ct_AR=ar
ac_cv_prog_ac_ct_CC=gcc
ac_cv_prog_ac_ct_OBJDUMP=objdump
ac_cv_prog_ac_ct_RANLIB=ranlib
ac_cv_prog_ac_ct_STRIP=strip
ac_cv_prog_cc_c89=
ac_cv_prog_cc_g=yes
ac_cv_prog_make_make_set=yes
ac_cv_type_pid_t=yes
am_cv_CC_dependencies_compiler_type=gcc3
lt_cv_deplibs_check_method=pass_all
lt_cv_file_magic_cmd='$MAGIC_CMD'
lt_cv_file_magic_test_file=
lt_cv_ld_reload_flag=-r
lt_cv_nm_interface='BSD nm'
lt_cv_objdir=.libs
lt_cv_path_LD=/usr/bin/ld
lt_cv_path_NM='/usr/bin/nm -B'
lt_cv_prog_compiler_c_o=yes
lt_cv_prog_compiler_pic_works=yes
lt_cv_prog_compiler_rtti_exceptions=no
lt_cv_prog_compiler_static_works=no
lt_cv_prog_gnu_ld=yes
lt_cv_sys_global_symbol_pipe='sed -n -e '\''s/^.*[	 ]\([ABCDGIRSTW][ABCDGIRSTW]*\)[	 ][	 ]*\([_A-Za-z][_A-Za-z0-9]*\)$/\1 \2 \2/p'\'''
lt_cv_sys_global_symbol_to_c_name_address='sed -n -e '\''s/^: \([^ ]*\) $/  {\"\1\", (void *) 0},/p'\'' -e '\''s/^[ABCDGIRSTW]* \([^ ]*\) \([^ ]*\)$/  {"\2", (void *) \&\2},/p'\'''
lt_cv_sys_global_symbol_to_c_name_address_lib_prefix='sed -n -e '\''s/^: \([^ ]*\) $/  {\"\1\", (void *) 0},/p'\'' -e '\''s/^[ABCDGIRSTW]* \([^ ]*\) \(lib[^ ]*\)$/  {"\2", (void *) \&\2},/p'\'' -e '\''s/^[ABCDGIRSTW]* \([^ ]*\) \([^ ]*\)$/  {"lib\2", (void *) \&\2},/p'\'''
lt_cv_sys_global_symbol_to_cdecl='sed -n -e '\''s/^T .* \(.*\)$/extern int \1();/p'\'' -e '\''s/^[ABCDGIRSTW]* .* \(.*\)$/extern char \1;/p'\'''
lt_cv_sys_max_cmd_len=1572864

## ----------------- ##
## Output variables. ##
## ----------------- ##

ACLOCAL='${SHELL} /home/rima/Project/RESIF/obsinfo/evalresp-4.0.6/build-aux/missing --run aclocal-1.11'
AMDEPBACKSLASH='\'
AMDEP_FALSE='#'
AMDEP_TRUE=''
AMTAR='${SHELL} /home/rima/Project/RESIF/obsinfo/evalresp-4.0.6/build-aux/missing --run tar'
AR='ar'
AUTOCONF='${SHELL} /home/rima/Project/RESIF/obsinfo/evalresp-4.0.6/build-aux/missing --run autoconf'
AUTOHEADER='${SHELL} /home/rima/Project/RESIF/obsinfo/evalresp-4.0.6/build-aux/missing --run autoheader'
AUTOMAKE='${SHELL} /home/rima/Project/RESIF/obsinfo/evalresp-4.0.6/build-aux/missing --run automake-1.11'
AWK='gawk'
CC='gcc'
CCDEPMODE='depmode=gcc3'
CFLAGS=' -O0'
CHECK_CFLAGS=''
CHECK_LIBS=''
CPP='gcc -E'
CPPFLAGS=' -I /usr/include/libxml2'
CYGPATH_W='echo'
DEFS='-DHAVE_CONFIG_H'
DEPDIR='.deps'
DSYMUTIL=''
DUMPBIN=''
ECHO_C=''
ECHO_N='-n'
ECHO_T=''
EGREP='/usr/bin/grep -E'
EXEEXT=''
FGREP='/usr/bin/grep -F'
GREP='/usr/bin/grep'
INSTALL_DATA='${INSTALL} -m 644'
INSTALL_PROGRAM='${INSTALL}'
INSTALL_SCRIPT='${INSTALL}'
INSTALL_STRIP_PROGRAM='$(install_sh) -c -s'
LD='/usr/bin/ld -m elf_x86_64'
LDFLAGS=''
LIBOBJS=''
LIBS='-lm '
LIBTOOL='$(SHELL) $(top_builddir)/libtool'
LIPO=''
LN_S='ln -s'
LTLIBOBJS=''
MAKEINFO='${SHELL} /home/rima/Project/RESIF/obsinfo/evalresp-4.0.6/build-aux/missing --run makeinfo'
MKDIR_P='/usr/bin/mkdir -p'
NM='/usr/bin/nm -B'
NMEDIT=''
OBJDUMP='objdump'
OBJEXT='o'
OTOOL64=''
OTOOL=''
PACKAGE='evalresp'
PACKAGE_BUGREPORT='andrewcooke@isti.com'
PACKAGE_NAME='evalresp'
PACKAGE_STRING='evalresp 4.0.6'
PACKAGE_TARNAME='evalresp'
PACKAGE_VERSION='4.0.6'
PATH_SEPARATOR=':'
PKG_CONFIG=''
RANLIB='ranlib'
SED='/usr/bin/sed'
SET_MAKE=''
SHELL='/bin/sh'
STRIP='strip'
USE_CHECK_FALSE=''
USE_CHECK_TRUE='#'
VERSION='4.0.6'
ac_ct_CC='gcc'
ac_ct_DUMPBIN=''
am__EXEEXT_FALSE=''
am__EXEEXT_TRUE='#'
am__fastdepCC_FALSE='#'
am__fastdepCC_TRUE=''
am__include='include'
am__isrc=''
am__leading_dot='.'
am__quote=''
am__tar='${AMTAR} chof - "$$tardir"'
am__untar='${AMTAR} xf -'
bindir='${exec_prefix}/bin'
build='x86_64-unknown-linux-gnu'
build_alias=''
build_cpu='x86_64'
build_os='linux-gnu'
build_vendor='unknown'
datadir='${datarootdir}'
datarootdir='${prefix}/share'
docdir='${datarootdir}/doc/${PACKAGE_TARNAME}'
dvidir='${docdir}'
exec_prefix='${prefix}'
host='x86_64-unknown-linux-gnu'
host_alias=''
host_cpu='x86_64'
host_os='linux-gnu'
host_vendor='unknown'
htmldir='${docdir}'
includedir='${prefix}/include'
infodir='${datarootdir}/info'
install_sh='${SHELL} /home/rima/Project/RESIF/obsinfo/evalresp-4.0.6/build-aux/install-sh'
libdir='${exec_prefix}/lib'
libexecdir='${exec_prefix}/libexec'
localedir='${datarootdir}/locale'
localstatedir='${prefix}/var'
lt_ECHO='echo'
mandir='${datarootdir}/man'
mkdir_p='/usr/bin/mkdir -p'
oldincludedir='/usr/include'
pdfdir='${docdir}'
prefix='/usr/local'
program_transform_name='s,x,x,'
psdir='${docdir}'
sbindir='${exec_prefix}/sbin'
sharedstatedir='${prefix}/com'
sysconfdir='${prefix}/etc'
target_alias=''

## ----------- ##
## confdefs.h. ##
## ----------- ##

#define PACKAGE_NAME "evalresp"
#define PACKAGE_TARNAME "evalresp"
#define PACKAGE_VERSION "4.0.6"
#define PACKAGE_STRING "evalresp 4.0.6"
#define PACKAGE_BUGREPORT "andrewcooke@isti.com"
#define PACKAGE "evalresp"
#define VERSION "4.0.6"
#define STDC_HEADERS 1
#define HAVE_SYS_TYPES_H 1
#define HAVE_SYS_STAT_H 1
#define HAVE_STDLIB_H 1
#define HAVE_STRING_H 1
#define HAVE_MEMORY_H 1
#define HAVE_STRINGS_H 1
#define HAVE_INTTYPES_H 1
#define HAVE_STDINT_H 1
#define HAVE_UNISTD_H 1
#define HAVE_DLFCN_H 1
#define LT_OBJDIR ".libs/"
#define HAVE_LIBM 1
#define STDC_HEADERS 1
#define HAVE_SYS_TIME_H 1
#define HAVE_UNISTD_H 1
#define HAVE_MALLOC_H 1
#define HAVE_STDLIB_H 1
#define HAVE_FORK 1
#define HAVE_VFORK 1
#define HAVE_WORKING_VFORK 1
#define HAVE_WORKING_FORK 1
#define HAVE_GETCWD 1
#define HAVE_REGCOMP 1
#define HAVE_STRCSPN 1
#define HAVE_STRSTR 1

configure: exit 0
